2020-07-16 16:01:48,283 INFO WebDriverFactory [main] Драйвер Chrome поднят
2020-07-16 16:02:59,911 INFO WebDriverFactory [main] Драйвер Chrome поднят
2020-07-16 16:03:55,733 INFO WebDriverFactory [main] Драйвер Safari поднят
2020-07-17 17:32:10,180 INFO WebDriverFactory [main] Драйвер Chrome поднят
2020-07-17 21:44:21,744 INFO WebDriverFactory [main] Драйвер Chrome поднят
2020-07-17 21:44:23,936 INFO WebDriverFactory [main] Драйвер поднят
2020-07-17 21:44:25,734 INFO WebDriverFactory [main] Открыта страница отус
2020-07-17 21:44:25,741 INFO WebDriverFactory [main] Title страницы проверен
2020-07-17 21:44:25,958 INFO WebDriverFactory [main] Драйвер отключен
2020-07-17 21:45:00,307 INFO WebDriverFactory [main] Драйвер Firefox поднят
2020-07-17 21:45:02,970 INFO WebDriverFactory [main] Драйвер отключен
2020-07-17 21:46:05,192 INFO WebDriverFactory [main] Драйвер Safari поднят
2020-07-17 21:46:07,472 INFO WebDriverFactory [main] Драйвер поднят
2020-07-17 21:46:09,084 INFO WebDriverFactory [main] Открыта страница отус
2020-07-17 21:46:09,179 INFO WebDriverFactory [main] Title страницы проверен
2020-07-17 21:46:09,261 INFO WebDriverFactory [main] Драйвер отключен
2020-07-17 21:46:19,368 INFO WebDriverFactory [main] Драйвер Firefox поднят
2020-07-17 21:46:23,032 INFO WebDriverFactory [main] Драйвер поднят
2020-07-17 21:46:25,999 INFO WebDriverFactory [main] Открыта страница отус
2020-07-17 21:46:26,004 INFO WebDriverFactory [main] Title страницы проверен
2020-07-17 21:46:29,457 INFO WebDriverFactory [main] Драйвер отключен
2020-07-17 21:47:09,911 INFO WebDriverFactory [main] Драйвер Safari поднят
2020-07-17 21:47:11,267 INFO WebDriverFactory [main] Драйвер поднят
2020-07-17 21:47:12,882 INFO WebDriverFactory [main] Открыта страница отус
2020-07-17 21:47:12,927 INFO WebDriverFactory [main] Title страницы проверен
2020-07-17 21:47:13,003 INFO WebDriverFactory [main] Драйвер отключен
2020-07-17 21:47:52,038 INFO WebDriverFactory [main] Драйвер Safari поднят
2020-07-17 21:47:54,741 INFO WebDriverFactory [main] Открыта страница отус
2020-07-17 21:47:54,785 INFO WebDriverFactory [main] Title страницы проверен
2020-07-17 21:47:54,862 INFO WebDriverFactory [main] Драйвер отключен
2020-07-17 21:48:08,025 INFO WebDriverFactory [main] Драйвер Chrome поднят
2020-07-17 21:48:11,626 INFO WebDriverFactory [main] Открыта страница отус
2020-07-17 21:48:11,631 INFO WebDriverFactory [main] Title страницы проверен
2020-07-17 21:48:11,728 INFO WebDriverFactory [main] Драйвер отключен
2020-07-20 13:37:06,222 INFO WebDriverFactory [main] Драйвер отключен
2020-07-20 13:37:49,367 INFO WebDriverFactory [main] Драйвер отключен
2020-07-20 13:38:20,642 INFO WebDriverFactory [main] Драйвер Chrome поднят
2020-07-20 13:38:25,189 INFO WebDriverFactory [main] Открыта страница отус
2020-07-20 13:38:25,196 INFO WebDriverFactory [main] Title страницы проверен
2020-07-20 13:38:25,303 INFO WebDriverFactory [main] Драйвер отключен
2020-07-20 13:49:05,099 INFO WebDriverFactory [main] Драйвер Chrome поднят
2020-07-20 13:49:10,774 INFO WebDriverFactory [main] Открыта страница отус
2020-07-20 13:49:10,782 INFO WebDriverFactory [main] Title страницы проверен
2020-07-20 13:49:10,884 INFO WebDriverFactory [main] Драйвер отключен
2020-07-20 13:49:35,028 INFO WebDriverFactory [main] CHROME
2020-07-20 13:49:35,354 INFO WebDriverFactory [main] Драйвер Chrome поднят
2020-07-20 13:49:44,698 INFO WebDriverFactory [main] Открыта страница отус
2020-07-20 13:49:44,708 INFO WebDriverFactory [main] Title страницы проверен
2020-07-20 13:49:44,814 INFO WebDriverFactory [main] Драйвер отключен
2020-07-20 13:51:41,315 INFO WebDriverFactory [main] CHROME
2020-07-20 13:51:41,576 INFO WebDriverFactory [main] Драйвер Chrome поднят
2020-07-20 13:51:44,683 INFO WebDriverFactory [main] Открыта страница отус
2020-07-20 13:51:44,690 INFO WebDriverFactory [main] Title страницы проверен
2020-07-20 13:51:44,790 INFO WebDriverFactory [main] Драйвер отключен
2020-07-20 14:00:38,883 INFO WebDriverFactory [main] CHROME
2020-07-20 14:00:39,195 INFO WebDriverFactory [main] Драйвер Chrome поднят
2020-07-20 14:00:43,680 INFO WebDriverFactory [main] Открыта страница отус
2020-07-20 14:00:43,689 INFO WebDriverFactory [main] Title страницы проверен
2020-07-20 14:00:43,794 INFO WebDriverFactory [main] Драйвер отключен
2020-07-20 14:21:03,072 INFO WebDriverFactory [main] CHROME
2020-07-20 14:21:03,388 INFO WebDriverFactory [main] Драйвер Chrome поднят
2020-07-20 14:21:13,924 INFO WebDriverFactory [main] Открыта страница отус
2020-07-20 14:21:13,932 INFO WebDriverFactory [main] Title страницы проверен
2020-07-20 14:21:14,047 INFO WebDriverFactory [main] Драйвер отключен
2020-07-20 14:23:15,341 INFO WebDriverFactory [main] CHROME
2020-07-20 14:23:15,785 INFO WebDriverFactory [main] Драйвер Chrome поднят
2020-07-20 14:23:19,624 INFO WebDriverFactory [main] Открыта страница отус
2020-07-20 14:23:19,740 INFO WebDriverFactory [main] Драйвер отключен
2020-07-20 14:23:57,754 INFO WebDriverFactory [main] CHROME
2020-07-20 14:23:58,158 INFO WebDriverFactory [main] Драйвер Chrome поднят
2020-07-20 14:24:01,652 INFO WebDriverFactory [main] Открыта страница отус
2020-07-20 14:24:01,652 INFO WebDriverFactory [main] Title страницы проверен
2020-07-20 14:24:01,762 INFO WebDriverFactory [main] Драйвер отключен
2020-07-20 14:38:44,363 INFO WebDriverFactory [main] CHROME
2020-07-20 14:38:44,703 INFO WebDriverFactory [main] Драйвер Chrome поднят
2020-07-20 14:38:49,374 INFO WebDriverFactory [main] Открыта страница отус
2020-07-20 14:38:49,375 INFO WebDriverFactory [main] Title страницы проверен
2020-07-20 14:38:49,480 INFO WebDriverFactory [main] Драйвер отключен
2020-07-20 14:39:10,075 INFO WebDriverFactory [main] FIREFOX
2020-07-20 14:39:10,335 INFO WebDriverFactory [main] Драйвер Chrome поднят
2020-07-20 14:39:14,256 INFO WebDriverFactory [main] Открыта страница отус
2020-07-20 14:39:14,257 INFO WebDriverFactory [main] Title страницы проверен
2020-07-20 14:39:14,356 INFO WebDriverFactory [main] Драйвер отключен
2020-07-20 14:40:45,305 INFO WebDriverFactory [main] Драйвер Firefox поднят
2020-07-20 14:40:53,044 INFO WebDriverFactory [main] Открыта страница отус
2020-07-20 14:40:53,044 INFO WebDriverFactory [main] Title страницы проверен
2020-07-20 14:40:55,578 INFO WebDriverFactory [main] Драйвер отключен
2020-07-20 17:08:22,790 INFO WebDriverFactory [main] Драйвер Firefox поднят
2020-07-20 17:08:30,820 INFO WebDriverFactory [main] Открыта страница отус
2020-07-20 17:08:30,820 INFO WebDriverFactory [main] Title страницы проверен
2020-07-20 17:08:34,374 INFO WebDriverFactory [main] Драйвер отключен
2020-07-20 17:09:43,000 INFO WebDriverFactory [main] Драйвер Firefox поднят
2020-07-20 17:09:51,973 INFO WebDriverFactory [main] Открыта страница отус
2020-07-20 17:09:51,973 INFO WebDriverFactory [main] Title страницы проверен
2020-07-20 17:09:55,489 INFO WebDriverFactory [main] Драйвер отключен
2020-07-20 17:10:08,259 INFO WebDriverFactory [main] Драйвер Firefox поднят
2020-07-20 17:10:19,689 INFO WebDriverFactory [main] Открыта страница отус
2020-07-20 17:10:22,246 INFO WebDriverFactory [main] Драйвер отключен
2020-07-20 17:11:25,810 INFO WebDriverFactory [main] Драйвер Firefox поднят
2020-07-20 17:11:33,856 INFO WebDriverFactory [main] Открыта страница отус
2020-07-20 17:11:33,861 INFO WebDriverFactory [main] Title страницы проверен
2020-07-20 17:11:37,357 INFO WebDriverFactory [main] Драйвер отключен
2020-07-20 17:12:06,617 INFO WebDriverFactory [main] Драйвер Chrome поднят
2020-07-20 17:12:10,625 INFO WebDriverFactory [main] Открыта страница отус
2020-07-20 17:12:10,632 INFO WebDriverFactory [main] Title страницы проверен
2020-07-20 17:12:10,733 INFO WebDriverFactory [main] Драйвер отключен
2020-07-20 17:13:58,938 INFO WebDriverFactory [main] Драйвер Chrome поднят
2020-07-20 17:14:07,123 INFO WebDriverFactory [main] Открыта страница отус
2020-07-20 17:14:07,130 INFO WebDriverFactory [main] Title страницы проверен
2020-07-20 17:14:07,234 INFO WebDriverFactory [main] Драйвер отключен
2020-07-20 17:14:27,567 INFO WebDriverFactory [main] Драйвер Safari поднят
2020-07-20 17:14:33,039 INFO WebDriverFactory [main] Открыта страница отус
2020-07-20 17:14:33,058 INFO WebDriverFactory [main] Title страницы проверен
2020-07-20 17:14:33,165 INFO WebDriverFactory [main] Драйвер отключен
2020-07-20 17:18:08,229 INFO WebDriverFactory [main] Драйвер Safari поднят
2020-07-20 17:18:11,660 INFO WebDriverFactory [main] Открыта страница отус
2020-07-20 17:18:11,693 INFO WebDriverFactory [main] Title страницы проверен
2020-07-20 17:18:11,783 INFO WebDriverFactory [main] Драйвер отключен
2020-07-21 16:19:16,766 INFO WebDriverFactory [main] Драйвер Chrome поднят
2020-07-21 16:19:22,590 INFO WebDriverFactory [main] Открыта страница отус
2020-07-21 16:19:22,599 INFO WebDriverFactory [main] Title страницы проверен
2020-07-21 16:19:22,707 INFO WebDriverFactory [main] Драйвер отключен
2020-07-28 15:13:56,868 INFO YandexMarket [main] Драйвер поднят
2020-07-28 15:14:17,783 INFO YandexMarket [main] Плашка появилась
2020-07-28 15:14:18,922 INFO YandexMarket [main] Плашка появилась
2020-07-28 15:14:21,371 INFO YandexMarket [main] В списке сравнения 2 товара
2020-07-28 15:14:21,657 INFO YandexMarket [main] Нажиммем на Все характеристики
2020-07-28 15:14:21,666 INFO YandexMarket [main] Позиция "Операционная система" отображается в списке
2020-07-28 15:14:21,915 INFO YandexMarket [main] Нажиммем на Различающиеся характеристики
2020-07-28 15:14:26,955 INFO YandexMarket [main] Позиция "Операционная система" в списке отсутствует
2020-07-28 15:15:52,952 INFO YandexMarket [main] Драйвер поднят
2020-07-28 15:22:53,992 INFO YandexMarket [main] Драйвер поднят
2020-07-28 15:23:05,211 INFO YandexMarket [main] Переходим в раздел Электроника
2020-07-28 15:23:10,647 INFO YandexMarket [main] Переходим в раздел Мобильные
2020-07-28 15:23:11,390 INFO YandexMarket [main] Сортируем по HUAWEI и Xiaomi
2020-07-28 15:23:11,911 INFO YandexMarket [main] Сортируем по цене
2020-07-28 15:23:15,301 INFO YandexMarket [main] Добавляем в сравнение HUAWEI
2020-07-28 15:23:15,723 INFO YandexMarket [main] Плашка появилась
2020-07-28 15:23:15,967 INFO YandexMarket [main] Добавляем в сравнение Xiaomi
2020-07-28 15:23:16,403 INFO YandexMarket [main] Плашка появилась
2020-07-28 15:23:18,711 INFO YandexMarket [main] Переходим в раздел Сравнение
2020-07-28 15:23:18,732 INFO YandexMarket [main] В списке сравнения 2 товара
2020-07-28 15:23:19,020 INFO YandexMarket [main] Нажимаем на Все характеристики
2020-07-28 15:23:19,026 INFO YandexMarket [main] Позиция "Операционная система" отображается в списке
2020-07-28 15:23:19,260 INFO YandexMarket [main] Нажимаем на Различающиеся характеристики
2020-07-28 15:23:24,273 INFO YandexMarket [main] Позиция "Операционная система" в списке отсутствует
2020-08-11 22:28:36,484 INFO YandexMarket [main] Драйвер поднят
2020-08-11 22:30:06,578 INFO YandexMarket [main] Драйвер поднят
2020-08-11 22:38:32,336 INFO YandexMarket [main] Драйвер поднят
2020-08-11 22:40:55,283 INFO YandexMarket [main] Драйвер поднят
2020-08-11 22:42:16,986 INFO OtusSiteTest [main] Драйвер поднят
2020-08-11 22:43:25,757 INFO OtusSiteTest [main] Драйвер поднят
2020-08-11 22:52:05,313 INFO OtusSiteTest [main] Драйвер поднят
2020-08-11 22:53:51,828 INFO OtusSiteTest [main] Драйвер поднят
2020-08-11 22:53:52,452 INFO OtusSiteTest [main] Мейн пейдж обьявлен
2020-08-11 22:57:18,992 INFO OtusSiteTest [main] Драйвер поднят
2020-08-11 22:57:19,611 INFO OtusSiteTest [main] Мейн пейдж обьявлен
2020-08-11 22:57:40,363 INFO OtusSiteTest [main] Драйвер поднят
2020-08-11 22:57:40,975 INFO OtusSiteTest [main] Мейн пейдж обьявлен
2020-08-11 22:59:38,733 INFO OtusSiteTest [main] Драйвер поднят
2020-08-11 22:59:39,348 INFO OtusSiteTest [main] Мейн пейдж обьявлен
2020-08-11 23:05:39,444 INFO OtusSiteTest [main] Драйвер поднят
2020-08-11 23:05:40,041 INFO OtusSiteTest [main] Мейн пейдж обьявлен
2020-08-11 23:16:35,541 INFO OtusSiteTest [main] Драйвер поднят
2020-08-11 23:16:36,168 INFO OtusSiteTest [main] Мейн пейдж обьявлен
2020-08-11 23:17:38,348 INFO OtusSiteTest [main] Драйвер поднят
2020-08-11 23:17:38,983 INFO OtusSiteTest [main] Мейн пейдж обьявлен
2020-08-11 23:20:03,422 INFO OtusSiteTest [main] Драйвер поднят
2020-08-11 23:20:04,046 INFO OtusSiteTest [main] Мейн пейдж обьявлен
2020-08-11 23:20:46,279 INFO OtusSiteTest [main] Драйвер поднят
2020-08-11 23:20:46,915 INFO OtusSiteTest [main] Мейн пейдж обьявлен
2020-08-11 23:23:17,064 INFO OtusSiteTest [main] Драйвер поднят
2020-08-11 23:23:17,649 INFO OtusSiteTest [main] Мейн пейдж обьявлен
2020-08-11 23:24:28,371 INFO OtusSiteTest [main] Драйвер поднят
2020-08-11 23:24:28,993 INFO OtusSiteTest [main] Мейн пейдж обьявлен
2020-08-11 23:25:00,562 INFO OtusSiteTest [main] Драйвер поднят
2020-08-11 23:25:01,201 INFO OtusSiteTest [main] Мейн пейдж обьявлен
2020-08-11 23:25:51,239 INFO OtusSiteTest [main] Драйвер поднят
2020-08-11 23:25:51,855 INFO OtusSiteTest [main] Мейн пейдж обьявлен
2020-08-11 23:27:36,230 INFO OtusSiteTest [main] Драйвер поднят
2020-08-11 23:27:36,863 INFO OtusSiteTest [main] Мейн пейдж обьявлен
2020-08-11 23:28:18,850 INFO OtusSiteTest [main] Драйвер поднят
2020-08-11 23:28:19,467 INFO OtusSiteTest [main] Мейн пейдж обьявлен
2020-08-11 23:30:17,798 INFO OtusSiteTest [main] Драйвер поднят
2020-08-11 23:30:18,399 INFO OtusSiteTest [main] Мейн пейдж обьявлен
2020-08-11 23:31:40,215 INFO OtusSiteTest [main] Драйвер поднят
2020-08-11 23:31:40,833 INFO OtusSiteTest [main] Мейн пейдж обьявлен
2020-08-11 23:34:15,276 INFO OtusSiteTest [main] Драйвер поднят
2020-08-11 23:34:15,906 INFO OtusSiteTest [main] Мейн пейдж обьявлен
2020-08-11 23:35:03,804 INFO OtusSiteTest [main] Драйвер поднят
2020-08-11 23:35:04,393 INFO OtusSiteTest [main] Мейн пейдж обьявлен
2020-08-12 11:26:39,031 INFO OtusSiteTest [main] Драйвер поднят
2020-08-12 11:26:39,638 INFO OtusSiteTest [main] Мейн пейдж обьявлен
2020-08-12 11:27:01,862 INFO OtusSiteTest [main] Драйвер поднят
2020-08-12 11:27:02,478 INFO OtusSiteTest [main] Мейн пейдж обьявлен
2020-08-12 11:39:03,294 INFO OtusSiteTest [main] Драйвер поднят
2020-08-12 11:39:03,898 INFO OtusSiteTest [main] Мейн пейдж обьявлен
2020-08-12 11:49:14,025 INFO OtusSiteTest [main] Драйвер поднят
2020-08-12 11:49:14,615 INFO OtusSiteTest [main] Мейн пейдж обьявлен
2020-08-12 11:50:54,717 INFO OtusSiteTest [main] Драйвер поднят
2020-08-12 11:50:55,339 INFO OtusSiteTest [main] Мейн пейдж обьявлен
2020-08-12 12:05:25,857 INFO OtusSiteTest [main] Драйвер поднят
2020-08-12 12:05:26,484 INFO OtusSiteTest [main] Мейн пейдж обьявлен
2020-08-12 12:06:36,119 INFO OtusSiteTest [main] Драйвер поднят
2020-08-12 12:06:36,725 INFO OtusSiteTest [main] Мейн пейдж обьявлен
2020-08-12 12:09:15,642 INFO OtusSiteTest [main] Драйвер поднят
2020-08-12 12:09:16,278 INFO OtusSiteTest [main] Мейн пейдж обьявлен
2020-08-12 12:10:18,884 INFO OtusSiteTest [main] Драйвер поднят
2020-08-12 12:13:07,895 INFO OtusSiteTest [main] Драйвер поднят
2020-08-12 12:13:08,536 INFO OtusSiteTest [main] Мейн пейдж обьявлен
2020-08-12 12:16:11,228 INFO OtusSiteTest [main] Драйвер поднят
2020-08-12 12:16:11,859 INFO OtusSiteTest [main] Мейн пейдж обьявлен
2020-08-12 12:20:46,394 INFO OtusSiteTest [main] Драйвер поднят
2020-08-12 12:20:46,988 INFO OtusSiteTest [main] Мейн пейдж обьявлен
2020-08-12 12:21:40,659 INFO OtusSiteTest [main] Драйвер поднят
2020-08-12 12:21:41,295 INFO OtusSiteTest [main] Мейн пейдж обьявлен
2020-08-12 12:22:23,530 INFO OtusSiteTest [main] Драйвер поднят
2020-08-12 12:22:24,124 INFO OtusSiteTest [main] Мейн пейдж обьявлен
2020-08-12 12:23:08,378 INFO OtusSiteTest [main] Драйвер поднят
2020-08-12 12:23:09,011 INFO OtusSiteTest [main] Мейн пейдж обьявлен
2020-08-12 15:40:00,215 INFO OtusSiteTest [main] Драйвер поднят
2020-08-12 15:40:00,820 INFO OtusSiteTest [main] Мейн пейдж обьявлен
2020-08-12 15:42:24,650 INFO OtusSiteTest [main] Драйвер поднят
2020-08-12 15:42:25,273 INFO OtusSiteTest [main] Мейн пейдж обьявлен
2020-08-12 15:44:08,917 INFO OtusSiteTest [main] Драйвер поднят
2020-08-12 15:44:09,550 INFO OtusSiteTest [main] Мейн пейдж обьявлен
2020-08-12 15:44:38,592 INFO OtusSiteTest [main] Драйвер поднят
2020-08-12 15:44:39,224 INFO OtusSiteTest [main] Мейн пейдж обьявлен
2020-08-12 15:46:18,624 INFO OtusSiteTest [main] Драйвер поднят
2020-08-12 15:46:19,237 INFO OtusSiteTest [main] Мейн пейдж обьявлен
2020-08-12 15:49:08,472 INFO OtusSiteTest [main] Драйвер поднят
2020-08-12 15:49:09,086 INFO OtusSiteTest [main] Мейн пейдж обьявлен
2020-08-12 15:50:09,517 INFO OtusSiteTest [main] Драйвер поднят
2020-08-12 15:50:10,153 INFO OtusSiteTest [main] Мейн пейдж обьявлен
2020-08-12 15:53:34,167 INFO OtusSiteTest [main] Драйвер поднят
2020-08-12 15:53:34,809 INFO OtusSiteTest [main] Мейн пейдж обьявлен
2020-08-12 15:56:26,237 INFO OtusSiteTest [main] Драйвер поднят
2020-08-12 15:56:26,841 INFO OtusSiteTest [main] Мейн пейдж обьявлен
2020-08-12 15:57:13,775 INFO OtusSiteTest [main] Драйвер поднят
2020-08-12 15:57:14,418 INFO OtusSiteTest [main] Мейн пейдж обьявлен
2020-08-12 15:58:39,952 INFO OtusSiteTest [main] Драйвер поднят
2020-08-12 15:58:40,563 INFO OtusSiteTest [main] Мейн пейдж обьявлен
2020-08-12 15:58:54,664 INFO p.MainPage [main] Нажимаем на иконку
2020-08-12 15:59:12,334 INFO p.MainPage [main] Нажимаем на иконку
2020-08-12 16:02:21,698 INFO OtusSiteTest [main] Драйвер поднят
2020-08-12 16:02:22,301 INFO OtusSiteTest [main] Мейн пейдж обьявлен
2020-08-12 16:03:44,374 INFO OtusSiteTest [main] Драйвер поднят
2020-08-12 16:03:44,972 INFO OtusSiteTest [main] Мейн пейдж обьявлен
2020-08-12 16:03:56,113 INFO p.MainPage [main] Нажимаем на иконку
2020-08-12 16:04:12,421 INFO p.MainPage [main] Нажимаем на иконку
2020-08-12 16:09:23,277 INFO OtusSiteTest [main] Драйвер поднят
2020-08-12 16:09:23,916 INFO OtusSiteTest [main] Мейн пейдж обьявлен
2020-08-12 16:09:34,521 INFO p.MainPage [main] Нажимаем на иконку
2020-08-12 16:16:29,603 INFO OtusSiteTest [main] Драйвер поднят
2020-08-12 16:16:30,236 INFO OtusSiteTest [main] Мейн пейдж обьявлен
2020-08-12 16:16:40,873 INFO p.MainPage [main] Нажимаем на иконку
2020-08-12 16:16:56,154 INFO p.MainPage [main] Нажимаем на иконку
2020-08-12 16:18:32,880 INFO OtusSiteTest [main] Драйвер поднят
2020-08-12 16:18:33,480 INFO OtusSiteTest [main] Мейн пейдж обьявлен
2020-08-12 16:18:43,183 INFO p.MainPage [main] Нажимаем на иконку
2020-08-12 16:19:01,259 INFO OtusSiteTest [main] Драйвер поднят
2020-08-12 16:19:01,865 INFO OtusSiteTest [main] Мейн пейдж обьявлен
2020-08-12 16:19:10,936 INFO p.MainPage [main] Нажимаем на иконку
2020-08-12 16:19:24,706 INFO OtusSiteTest [main] Драйвер поднят
2020-08-12 16:19:25,322 INFO OtusSiteTest [main] Мейн пейдж обьявлен
2020-08-12 16:19:34,398 INFO p.MainPage [main] Нажимаем на иконку
2020-08-12 16:22:33,259 INFO OtusSiteTest [main] Драйвер поднят
2020-08-12 16:22:33,896 INFO OtusSiteTest [main] Мейн пейдж обьявлен
2020-08-12 16:22:48,502 INFO p.MainPage [main] Нажимаем на иконку
2020-08-12 16:23:00,057 INFO p.MainPage [main] Нажимаем на иконку
2020-08-12 16:27:25,024 INFO OtusSiteTest [main] Драйвер поднят
2020-08-12 16:27:25,199 INFO OtusSiteTest [main] Мейн пейдж обьявлен
2020-08-12 16:27:37,331 INFO p.MainPage [main] Нажимаем на иконку
2020-08-12 16:28:21,084 INFO OtusSiteTest [main] Драйвер поднят
2020-08-12 16:28:21,234 INFO OtusSiteTest [main] Мейн пейдж обьявлен
2020-08-12 16:28:31,107 INFO p.MainPage [main] Нажимаем на иконку
2020-08-12 16:28:43,813 INFO p.MainPage [main] Нажимаем на иконку
2020-08-12 16:31:00,081 INFO OtusSiteTest [main] Драйвер поднят
2020-08-12 16:31:00,166 INFO OtusSiteTest [main] Мейн пейдж обьявлен
2020-08-12 16:31:53,076 INFO OtusSiteTest [main] Драйвер поднят
2020-08-12 16:31:53,105 INFO OtusSiteTest [main] Мейн пейдж обьявлен
2020-08-12 16:33:37,821 INFO OtusSiteTest [main] Драйвер поднят
2020-08-12 16:33:37,850 INFO OtusSiteTest [main] Мейн пейдж обьявлен
2020-08-12 16:34:07,162 INFO OtusSiteTest [main] Драйвер поднят
2020-08-12 16:34:07,192 INFO OtusSiteTest [main] Мейн пейдж обьявлен
2020-08-12 16:34:35,284 INFO OtusSiteTest [main] Драйвер поднят
2020-08-12 16:34:35,314 INFO OtusSiteTest [main] Мейн пейдж обьявлен
2020-08-12 16:34:52,512 INFO p.MainPage [main] Нажимаем на иконку
2020-08-12 16:35:32,449 INFO OtusSiteTest [main] Драйвер поднят
2020-08-12 16:35:32,593 INFO OtusSiteTest [main] Мейн пейдж обьявлен
2020-08-12 16:35:47,364 INFO p.MainPage [main] Нажимаем на иконку
2020-08-12 16:36:00,326 INFO p.MainPage [main] Нажимаем на иконку
2020-08-12 16:58:34,006 INFO OtusSiteTest [main] Драйвер поднят
2020-08-12 16:58:43,082 INFO p.MainPage [main] Нажимаем на иконку
2020-08-12 16:58:49,575 INFO p.MainPage [main] Нажимаем на иконку
2020-08-12 16:59:58,646 INFO OtusSiteTest [main] Драйвер поднят
2020-08-12 17:00:06,083 INFO p.MainPage [main] Нажимаем на иконку
2020-08-12 17:00:22,615 INFO p.MainPage [main] Нажимаем на иконку
2020-08-12 17:27:18,127 INFO OtusSiteTest [main] Драйвер поднят
2020-08-12 17:27:22,543 INFO p.MainPage [main] Нажимаем на иконку
2020-08-12 17:29:28,159 INFO OtusSiteTest [main] Драйвер поднят
2020-08-12 17:29:32,692 INFO p.MainPage [main] Нажимаем на иконку
2020-08-12 17:29:50,255 INFO p.MainPage [main] Нажимаем на иконку
2020-08-12 17:29:51,449 INFO OtusSiteTest [main] VK field test
2020-08-12 17:33:19,888 INFO OtusSiteTest [main] Драйвер поднят
2020-08-12 17:33:30,974 INFO p.MainPage [main] Нажимаем на иконку
2020-08-12 17:33:39,671 INFO p.MainPage [main] Нажимаем на иконку
2020-08-12 17:33:41,249 INFO OtusSiteTest [main] VK field test
2020-08-12 17:34:28,204 INFO OtusSiteTest [main] Драйвер поднят
2020-08-12 17:34:32,583 INFO p.MainPage [main] Нажимаем на иконку
2020-08-12 17:34:39,635 INFO p.MainPage [main] Нажимаем на иконку
2020-08-12 17:35:53,791 INFO OtusSiteTest [main] Драйвер поднят
2020-08-12 17:35:58,126 INFO p.MainPage [main] Нажимаем на иконку
2020-08-12 17:36:05,292 INFO p.MainPage [main] Нажимаем на иконку
2020-08-12 17:36:06,734 INFO OtusSiteTest [main] VK field test
2020-08-12 17:36:06,770 INFO OtusSiteTest [main] Skype field test
2020-08-12 17:42:33,103 INFO OtusSiteTest [main] Драйвер поднят
2020-08-12 17:42:37,736 INFO p.MainPage [main] Нажимаем на иконку
2020-08-12 17:42:44,699 INFO p.MainPage [main] Нажимаем на иконку
2020-08-12 17:42:46,208 INFO OtusSiteTest [main] VK field test
2020-08-12 17:42:46,244 INFO OtusSiteTest [main] Skype field test
2020-08-12 17:49:32,514 INFO OtusSiteTest [main] Драйвер поднят
2020-08-12 17:49:36,707 INFO p.MainPage [main] Нажимаем на иконку
2020-08-12 17:49:43,629 INFO p.MainPage [main] Нажимаем на иконку
2020-08-12 17:57:18,421 INFO f.WebFactory [main] Драйвер Chrome поднят
2020-08-12 17:57:20,447 INFO OtusSiteTest [main] Драйвер поднят
2020-08-12 17:57:24,426 INFO p.MainPage [main] Нажимаем на иконку
2020-08-12 17:57:31,075 INFO p.MainPage [main] Нажимаем на иконку
2020-08-12 18:01:50,182 INFO f.WebFactory [main] Драйвер Chrome поднят
2020-08-13 15:18:48,933 INFO f.WebFactory [main] Драйвер Chrome поднят
2020-08-13 15:19:00,552 INFO OtusSiteTest [main] Заходим на страницу OTUS
2020-08-13 15:19:01,907 INFO OtusSiteTest [main] Авторизируемся на сайте
2020-08-13 15:19:11,077 INFO OtusSiteTest [main] Переходим в раздел о себе
2020-08-13 15:20:56,443 INFO f.WebFactory [main] Драйвер Chrome поднят
2020-08-13 15:21:04,593 INFO OtusSiteTest [main] Заходим на страницу OTUS
2020-08-13 15:21:05,992 INFO OtusSiteTest [main] Авторизируемся на сайте
2020-08-13 15:21:18,351 INFO OtusSiteTest [main] Переходим в раздел о себе
2020-08-13 15:22:52,497 INFO f.WebFactory [main] Драйвер Chrome поднят
2020-08-13 15:22:58,925 INFO OtusSiteTest [main] Заходим на страницу OTUS
2020-08-13 15:23:00,760 INFO OtusSiteTest [main] Авторизируемся на сайте
2020-08-13 15:23:09,079 INFO OtusSiteTest [main] Переходим в раздел о себе
2020-08-13 15:23:10,541 INFO OtusSiteTest [main] Добавляем социальные сети и заполняем поля
2020-08-13 15:23:12,942 INFO OtusSiteTest [main] Сохраняем заполненые данные
2020-08-13 15:23:13,036 INFO OtusSiteTest [main] Удаляем куки
2020-08-13 15:23:15,436 INFO OtusSiteTest [main] Открываем OTUS в чистом браузере
2020-08-13 15:23:16,469 INFO OtusSiteTest [main] Авторизируемся на сайте
2020-08-13 15:23:25,814 INFO OtusSiteTest [main] Переходим в раздел о себе
2020-08-13 15:23:26,367 INFO OtusSiteTest [main] Проверяем, что в разделе "О себе" отображаются указанные ранее данные
2020-08-13 18:37:53,842 INFO f.WebFactory [main] Драйвер Chrome поднят
2020-08-13 18:38:02,563 INFO OtusSiteTest [main] Заходим на страницу OTUS
2020-08-13 18:38:03,735 INFO OtusSiteTest [main] Авторизируемся на сайте
2020-08-13 18:38:14,419 INFO OtusSiteTest [main] Переходим в раздел о себе
2020-08-13 18:39:03,813 INFO f.WebFactory [main] Драйвер Chrome поднят
2020-08-13 18:39:16,470 INFO OtusSiteTest [main] Заходим на страницу OTUS
2020-08-13 18:39:17,604 INFO OtusSiteTest [main] Авторизируемся на сайте
2020-08-13 18:39:30,299 INFO OtusSiteTest [main] Переходим в раздел о себе
2020-08-13 18:41:12,932 INFO f.WebFactory [main] Драйвер Chrome поднят
2020-08-13 18:41:21,004 INFO OtusSiteTest [main] Заходим на страницу OTUS
2020-08-13 18:41:22,221 INFO OtusSiteTest [main] Авторизируемся на сайте
2020-08-13 18:41:34,203 INFO OtusSiteTest [main] Переходим в раздел о себе
2020-08-13 18:43:42,214 INFO f.WebFactory [main] Драйвер Chrome поднят
2020-08-13 18:43:48,713 INFO OtusSiteTest [main] Заходим на страницу OTUS
2020-08-13 18:43:50,251 INFO OtusSiteTest [main] Авторизируемся на сайте
2020-08-13 18:43:55,946 INFO OtusSiteTest [main] Переходим в раздел о себе
2020-08-13 18:44:57,397 INFO f.WebFactory [main] Драйвер Chrome поднят
2020-08-13 18:45:12,034 INFO OtusSiteTest [main] Заходим на страницу OTUS
2020-08-13 18:45:13,643 INFO OtusSiteTest [main] Авторизируемся на сайте
2020-08-13 18:45:21,346 INFO OtusSiteTest [main] Переходим в раздел о себе
2020-08-13 18:45:23,346 INFO OtusSiteTest [main] Добавляем социальные сети и заполняем поля
2020-08-13 18:45:24,874 INFO OtusSiteTest [main] Сохраняем заполненые данные
2020-08-13 18:45:25,053 INFO OtusSiteTest [main] Удаляем куки
2020-08-13 18:45:26,860 INFO OtusSiteTest [main] Открываем OTUS в чистом браузере
2020-08-13 18:45:27,952 INFO OtusSiteTest [main] Авторизируемся на сайте
2020-08-13 18:45:37,512 INFO OtusSiteTest [main] Переходим в раздел о себе
2020-08-13 18:45:37,766 INFO OtusSiteTest [main] Проверяем, что в разделе "О себе" отображаются указанные ранее данные
2020-08-13 18:46:55,609 INFO f.WebFactory [main] Драйвер Chrome поднят
2020-08-13 18:47:07,728 INFO OtusSiteTest [main] Заходим на страницу OTUS
2020-08-13 18:47:09,170 INFO OtusSiteTest [main] Авторизируемся на сайте
2020-08-13 18:47:22,386 INFO OtusSiteTest [main] Переходим в раздел о себе
2020-08-13 18:47:23,684 INFO OtusSiteTest [main] Добавляем социальные сети и заполняем поля
2020-08-13 18:47:25,965 INFO OtusSiteTest [main] Сохраняем заполненые данные
2020-08-13 18:47:26,180 INFO OtusSiteTest [main] Удаляем куки
2020-08-13 18:47:28,269 INFO OtusSiteTest [main] Открываем OTUS в чистом браузере
2020-08-13 18:47:29,318 INFO OtusSiteTest [main] Авторизируемся на сайте
2020-08-13 18:47:36,753 INFO OtusSiteTest [main] Переходим в раздел о себе
2020-08-13 18:47:36,999 INFO OtusSiteTest [main] Проверяем, что в разделе "О себе" отображаются указанные ранее данные
2020-08-13 18:53:16,920 INFO f.WebFactory [main] Драйвер Chrome поднят
2020-08-13 18:53:25,444 INFO OtusSiteTest [main] Заходим на страницу OTUS
2020-08-13 18:53:26,651 INFO OtusSiteTest [main] Авторизируемся на сайте
2020-08-13 18:53:37,886 INFO OtusSiteTest [main] Переходим в раздел о себе
2020-08-13 18:53:47,447 INFO OtusSiteTest [main] Добавляем социальные сети и заполняем поля
2020-08-13 18:53:47,579 INFO OtusSiteTest [main] Сохраняем заполненые данные
2020-08-13 18:53:49,029 INFO OtusSiteTest [main] Удаляем куки
2020-08-13 18:53:51,066 INFO OtusSiteTest [main] Открываем OTUS в чистом браузере
2020-08-13 18:53:52,124 INFO OtusSiteTest [main] Авторизируемся на сайте
2020-08-13 18:53:56,773 INFO OtusSiteTest [main] Переходим в раздел о себе
2020-08-13 18:53:56,999 INFO OtusSiteTest [main] Проверяем, что в разделе "О себе" отображаются указанные ранее данные
2020-08-13 18:54:38,271 INFO f.WebFactory [main] Драйвер Chrome поднят
2020-08-13 18:54:47,231 INFO OtusSiteTest [main] Заходим на страницу OTUS
2020-08-13 18:54:48,615 INFO OtusSiteTest [main] Авторизируемся на сайте
2020-08-13 18:54:58,424 INFO OtusSiteTest [main] Переходим в раздел о себе
2020-08-13 19:03:29,477 INFO f.WebFactory [main] Драйвер Chrome поднят
2020-08-13 19:03:37,531 INFO OtusSiteTest [main] Заходим на страницу OTUS
2020-08-13 19:03:38,819 INFO OtusSiteTest [main] Авторизируемся на сайте
2020-08-13 19:03:47,873 INFO OtusSiteTest [main] Переходим в раздел о себе
2020-08-13 19:03:49,329 INFO OtusSiteTest [main] Добавляем социальные сети и заполняем поля
2020-08-13 19:03:51,281 INFO OtusSiteTest [main] Сохраняем заполненые данные
2020-08-13 19:03:51,369 INFO OtusSiteTest [main] Удаляем куки
2020-08-13 19:03:53,250 INFO OtusSiteTest [main] Открываем OTUS в чистом браузере
2020-08-13 19:03:54,274 INFO OtusSiteTest [main] Авторизируемся на сайте
2020-08-13 19:04:01,166 INFO OtusSiteTest [main] Переходим в раздел о себе
2020-08-13 19:04:36,495 INFO f.WebFactory [main] Драйвер Chrome поднят
2020-08-13 19:04:50,650 INFO OtusSiteTest [main] Заходим на страницу OTUS
2020-08-13 19:04:51,859 INFO OtusSiteTest [main] Авторизируемся на сайте
2020-08-13 19:05:04,442 INFO OtusSiteTest [main] Переходим в раздел о себе
2020-08-13 19:07:07,610 INFO f.WebFactory [main] Драйвер Chrome поднят
2020-08-13 19:07:14,165 INFO OtusSiteTest [main] Заходим на страницу OTUS
2020-08-13 19:07:16,243 INFO OtusSiteTest [main] Авторизируемся на сайте
2020-08-13 19:07:23,398 INFO OtusSiteTest [main] Переходим в раздел о себе
2020-08-13 19:08:13,935 INFO f.WebFactory [main] Драйвер Chrome поднят
2020-08-13 19:08:22,855 INFO OtusSiteTest [main] Заходим на страницу OTUS
2020-08-13 19:08:24,093 INFO OtusSiteTest [main] Авторизируемся на сайте
2020-08-13 19:08:36,144 INFO OtusSiteTest [main] Переходим в раздел о себе
2020-08-13 19:08:37,866 INFO OtusSiteTest [main] Добавляем социальные сети и заполняем поля
2020-08-13 19:08:39,350 INFO OtusSiteTest [main] Сохраняем заполненые данные
2020-08-13 19:08:39,524 INFO OtusSiteTest [main] Удаляем куки
2020-08-13 19:08:41,518 INFO OtusSiteTest [main] Открываем OTUS в чистом браузере
2020-08-13 19:08:42,596 INFO OtusSiteTest [main] Авторизируемся на сайте
2020-08-13 19:08:52,128 INFO OtusSiteTest [main] Переходим в раздел о себе
2020-08-13 19:08:52,177 INFO OtusSiteTest [main] Проверяем, что в разделе "О себе" отображаются указанные ранее данные
2020-08-13 19:11:11,773 INFO f.WebFactory [main] Драйвер Firefox поднят
2020-08-13 19:11:19,343 INFO OtusSiteTest [main] Заходим на страницу OTUS
2020-08-13 19:11:21,456 INFO OtusSiteTest [main] Авторизируемся на сайте
2020-08-13 19:11:25,201 INFO OtusSiteTest [main] Переходим в раздел о себе
2020-08-13 19:11:39,902 INFO f.WebFactory [main] Драйвер Firefox поднят
2020-08-13 19:11:45,642 INFO OtusSiteTest [main] Заходим на страницу OTUS
2020-08-13 19:11:46,400 INFO OtusSiteTest [main] Авторизируемся на сайте
2020-08-13 19:11:50,739 INFO OtusSiteTest [main] Переходим в раздел о себе
2020-08-13 19:12:06,743 INFO f.WebFactory [main] Драйвер Firefox поднят
2020-08-13 19:12:12,613 INFO OtusSiteTest [main] Заходим на страницу OTUS
2020-08-13 19:12:14,727 INFO OtusSiteTest [main] Авторизируемся на сайте
2020-08-13 19:12:18,594 INFO OtusSiteTest [main] Переходим в раздел о себе
2020-08-13 19:15:30,064 INFO f.WebFactory [main] Драйвер Firefox поднят
2020-08-13 19:15:36,193 INFO OtusSiteTest [main] Заходим на страницу OTUS
2020-08-13 19:15:39,022 INFO OtusSiteTest [main] Авторизируемся на сайте
2020-08-13 19:15:43,065 INFO OtusSiteTest [main] Переходим в раздел о себе
2020-08-13 19:15:44,686 INFO OtusSiteTest [main] Добавляем социальные сети и заполняем поля
2020-08-13 19:15:45,834 INFO OtusSiteTest [main] Сохраняем заполненые данные
2020-08-13 19:15:45,872 INFO OtusSiteTest [main] Удаляем куки
2020-08-13 19:15:47,361 INFO OtusSiteTest [main] Открываем OTUS в чистом браузере
2020-08-13 19:15:48,072 INFO OtusSiteTest [main] Авторизируемся на сайте
2020-08-13 19:16:30,324 INFO f.WebFactory [main] Драйвер Chrome поднят
2020-08-13 19:16:34,692 INFO OtusSiteTest [main] Заходим на страницу OTUS
2020-08-13 19:16:35,413 INFO OtusSiteTest [main] Авторизируемся на сайте
2020-08-13 19:16:38,984 INFO OtusSiteTest [main] Переходим в раздел о себе
2020-08-13 19:16:39,970 INFO OtusSiteTest [main] Добавляем социальные сети и заполняем поля
2020-08-13 19:16:40,743 INFO OtusSiteTest [main] Сохраняем заполненые данные
2020-08-13 19:16:40,906 INFO OtusSiteTest [main] Удаляем куки
2020-08-13 19:16:41,847 INFO OtusSiteTest [main] Открываем OTUS в чистом браузере
2020-08-13 19:16:42,483 INFO OtusSiteTest [main] Авторизируемся на сайте
2020-08-13 19:16:46,782 INFO OtusSiteTest [main] Переходим в раздел о себе
2020-08-13 19:16:47,014 INFO OtusSiteTest [main] Проверяем, что в разделе "О себе" отображаются указанные ранее данные
2020-08-13 19:16:48,146 INFO OtusSiteTest [main] Чистим заполненые поля
2020-08-13 19:16:54,907 INFO f.WebFactory [main] Драйвер Chrome поднят
2020-08-13 19:16:58,936 INFO OtusSiteTest [main] Заходим на страницу OTUS
2020-08-13 19:16:59,644 INFO OtusSiteTest [main] Авторизируемся на сайте
2020-08-13 19:17:04,169 INFO OtusSiteTest [main] Переходим в раздел о себе
2020-08-13 19:17:05,223 INFO OtusSiteTest [main] Добавляем социальные сети и заполняем поля
2020-08-13 19:17:06,076 INFO OtusSiteTest [main] Сохраняем заполненые данные
2020-08-13 19:17:06,208 INFO OtusSiteTest [main] Удаляем куки
2020-08-13 19:17:06,983 INFO OtusSiteTest [main] Открываем OTUS в чистом браузере
2020-08-13 19:17:07,624 INFO OtusSiteTest [main] Авторизируемся на сайте
2020-08-13 19:17:11,464 INFO OtusSiteTest [main] Переходим в раздел о себе
2020-08-13 19:17:11,663 INFO OtusSiteTest [main] Проверяем, что в разделе "О себе" отображаются указанные ранее данные
2020-08-13 19:17:12,629 INFO OtusSiteTest [main] Чистим заполненые поля
